Arguments: 
  /Users/christophe.malaboeuf/.nvm/versions/node/v8.4.0/bin/node /Users/christophe.malaboeuf/.nvm/versions/node/v8.4.0/bin/yarn

PATH: 
  /usr/local/opt/openssl/bin:/Users/christophe.malaboeuf/.local/bin:/Users/christophe.malaboeuf/.nvm/versions/node/v8.4.0/bin:/usr/local/bin:/usr/bin:/bin:/usr/sbin:/sbin

Yarn version: 
  1.3.2

Node version: 
  8.4.0

Platform: 
  darwin x64

npm manifest: 
  {
    "name": "front",
    "version": "0.0.0",
    "license": "MIT",
    "scripts": {
      "ng": "ng",
      "start": "ng serve --proxy-config proxy.conf.json",
      "build": "ng build",
      "test": "ng test",
      "lint": "ng lint",
      "e2e": "ng e2e"
    },
    "private": true,
    "dependencies": {
      "@angular/animations": "^4.2.4",
      "@angular/common": "^4.2.4",
      "@angular/compiler": "^4.2.4",
      "@angular/core": "^4.2.4",
      "@angular/forms": "^4.2.4",
      "@angular/http": "^4.2.4",
      "@angular/platform-browser": "^4.2.4",
      "@angular/platform-browser-dynamic": "^4.2.4",
      "@angular/router": "^4.2.4",
      "core-js": "^2.4.1",
      "rxjs": "^5.4.2",
      "zone.js": "^0.8.14"
    },
    "devDependencies": {
      "@angular/cli": "1.7.0",
      "@angular/compiler-cli": "^4.2.4",
      "@angular/language-service": "^4.2.4",
      "@types/jasmine": "~2.5.53",
      "@types/jasminewd2": "~2.0.2",
      "@types/node": "~6.0.60",
      "codelyzer": "~3.2.0",
      "jasmine-core": "~2.6.2",
      "jasmine-spec-reporter": "~4.1.0",
      "karma": "~1.7.0",
      "karma-chrome-launcher": "~2.1.1",
      "karma-cli": "~1.0.1",
      "karma-coverage-istanbul-reporter": "^1.2.1",
      "karma-jasmine": "~1.1.0",
      "karma-jasmine-html-reporter": "^0.2.2",
      "protractor": "~5.1.2",
      "ts-node": "~3.2.0",
      "tslint": "~5.7.0",
      "typescript": "~2.3.3"
    }
  }

yarn manifest: 
  No manifest

Lockfile: 
  No lockfile

Trace: 
  Error: getaddrinfo ENOTFOUND registry.yarnpkg.com registry.yarnpkg.com:443
      at errnoException (dns.js:53:10)
      at GetAddrInfoReqWrap.onlookup [as oncomplete] (dns.js:95:26)
